Copyright 1986-2018 Xilinx, Inc. All Rights Reserved.
------------------------------------------------------------------------------------
| Tool Version : Vivado v.2018.3 (win64) Build 2405991 Thu Dec  6 23:38:27 MST 2018
| Date         : Tue Jul 16 00:29:52 2019
| Host         : DESKTOP-2QEVIEC running 64-bit major release  (build 9200)
| Command      : upgrade_ip
| Device       : xc7a100tfgg676-2L
------------------------------------------------------------------------------------

Upgrade Log for IP 'pll_example'

1. Summary
----------

SUCCESS in the upgrade of pll_example (xilinx.com:ip:clk_wiz:6.0) to (Rev. 2)






Copyright 1986-2018 Xilinx, Inc. All Rights Reserved.
------------------------------------------------------------------------------------
| Tool Version : Vivado v.2018.3 (win64) Build 2405991 Thu Dec  6 23:38:27 MST 2018
| Date         : Tue Jul 16 00:29:48 2019
| Host         : DESKTOP-2QEVIEC running 64-bit major release  (build 9200)
| Command      : upgrade_ip
| Device       : xc7a100tfgg676-2L
------------------------------------------------------------------------------------

Upgrade Log for IP 'gram'

1. Summary
----------

SUCCESS in the upgrade of gram (xilinx.com:ip:blk_mem_gen:8.4) from (Rev. 1) to (Rev. 2)

