#-----------------------------------------------------------
# Vivado v2018.3 (64-bit)
# SW Build 2405991 on Thu Dec  6 23:38:27 MST 2018
# IP Build 2404404 on Fri Dec  7 01:43:56 MST 2018
# Start of session at: Tue Jul 16 00:27:08 2019
# Process ID: 9808
# Current directory: C:/Users/bry_0/Desktop/mips32-cpu
# Command line: vivado.exe -gui_launcher_event rodinguilauncherevent4576 C:\Users\bry_0\Desktop\mips32-cpu\thinpad_top.xpr
# Log file: C:/Users/bry_0/Desktop/mips32-cpu/vivado.log
# Journal file: C:/Users/bry_0/Desktop/mips32-cpu\vivado.jou
#-----------------------------------------------------------
start_gui
open_project C:/Users/bry_0/Desktop/mips32-cpu/thinpad_top.xpr
INFO: [Project 1-313] Project file moved from '/home/trinkle/hw/cpu/mips32-cpu' since last save.
CRITICAL WARNING: [Project 1-311] Could not find the file 'C:/Users/bry_0/Desktop/mips32-cpu/thinpad_top.srcs/sources_1/new/cpu/memory.v', nor could it be found using path 'C:/home/trinkle/hw/cpu/mips32-cpu/thinpad_top.srcs/sources_1/new/cpu/memory.v'.
CRITICAL WARNING: [Project 1-311] Could not find the file 'C:/Users/bry_0/Desktop/mips32-cpu/thinpad_top.srcs/sources_1/new/main.data', nor could it be found using path 'C:/home/trinkle/hw/cpu/mips32-cpu/thinpad_top.srcs/sources_1/new/main.data'.
CRITICAL WARNING: [Project 1-311] Could not find the file 'C:/Users/bry_0/Desktop/mips32-cpu/thinpad_top.srcs/sources_1/new/main.bin', nor could it be found using path 'C:/home/trinkle/hw/cpu/mips32-cpu/thinpad_top.srcs/sources_1/new/main.bin'.
Scanning sources...
Finished scanning sources
WARNING: [Project 1-509] GeneratedRun file for 'synth_1' not found
WARNING: [Project 1-509] GeneratedRun file for 'gram_synth_1' not found
WARNING: [Project 1-509] GeneratedRun file for 'pll_example_synth_1' not found
WARNING: [Project 1-509] GeneratedRun file for 'impl_1' not found
WARNING: [filemgmt 56-2] IPUserFilesDir: Could not find the directory 'C:/Users/bry_0/Desktop/mips32-cpu/thinpad_top.ip_user_files', nor could it be found using path 'C:/home/trinkle/hw/cpu/mips32-cpu/thinpad_top.ip_user_files'.
INFO: [IP_Flow 19-234] Refreshing IP repositories
INFO: [IP_Flow 19-1704] No user IP repositories specified
INFO: [IP_Flow 19-2313] Loaded Vivado IP repository 'C:/Xilinx/Vivado/2018.3/data/ip'.
WARNING: [IP_Flow 19-2162] IP 'gram' is locked:
* IP definition 'Block Memory Generator (8.4)' for IP 'gram' (customized with software release 2018.1) has a different revision in the IP Catalog.
Please select 'Report IP Status' from the 'Tools/Report' menu or run Tcl command 'report_ip_status' for more information.
WARNING: [IP_Flow 19-2162] IP 'pll_example' is locked:
* IP definition 'Clocking Wizard (6.0)' for IP 'pll_example' (customized with software release 2018.1) has a different revision in the IP Catalog.
Please select 'Report IP Status' from the 'Tools/Report' menu or run Tcl command 'report_ip_status' for more information.
INFO: [Project 1-230] Project 'thinpad_top.xpr' upgraded for this version of Vivado.
open_project: Time (s): cpu = 00:00:14 ; elapsed = 00:00:08 . Memory (MB): peak = 684.164 ; gain = 87.484
report_ip_status -name ip_status 
update_compile_order -fileset sources_1
update_compile_order -fileset sim_1
report_ip_status -name ip_status 
upgrade_ip -srcset gram [get_ips  {gram pll_example}] -log ip_upgrade.log
Upgrading 'gram'
INFO: [Project 1-386] Moving file 'C:/Users/bry_0/Desktop/mips32-cpu/thinpad_top.srcs/sources_1/ip/gram/gram.xci' from fileset 'gram' to fileset 'sources_1'.
INFO: [Device 21-403] Loading part xc7a100tfgg676-2L
INFO: [IP_Flow 19-3422] Upgraded gram (Block Memory Generator 8.4) from revision 1 to revision 2
INFO: [IP_Flow 19-1686] Generating 'Instantiation Template' target for IP 'gram'...
Upgrading 'pll_example'
INFO: [Project 1-386] Moving file 'C:/Users/bry_0/Desktop/mips32-cpu/thinpad_top.srcs/sources_1/ip/pll_example/pll_example.xci' from fileset 'pll_example' to fileset 'sources_1'.
INFO: [IP_Flow 19-3422] Upgraded pll_example (Clocking Wizard 6.0) from revision 0 to revision 2
INFO: [IP_Flow 19-1686] Generating 'Instantiation Template' target for IP 'pll_example'...
INFO: [Coretcl 2-1525] Wrote upgrade log to 'C:/Users/bry_0/Desktop/mips32-cpu/ip_upgrade.log'.
upgrade_ip: Time (s): cpu = 00:00:10 ; elapsed = 00:00:10 . Memory (MB): peak = 944.406 ; gain = 228.707
export_ip_user_files -of_objects [get_ips {gram pll_example}] -no_script -sync -force -quiet
update_compile_order -fileset sources_1
report_ip_status -name ip_status 
exit
INFO: [Common 17-206] Exiting Vivado at Tue Jul 16 00:31:32 2019...
