#-----------------------------------------------------------
# Vivado v2018.3 (64-bit)
# SW Build 2405991 on Thu Dec  6 23:38:27 MST 2018
# IP Build 2404404 on Fri Dec  7 01:43:56 MST 2018
# Start of session at: Fri Jul 19 19:25:15 2019
# Process ID: 7520
# Current directory: C:/Users/bry_0/Desktop/mips32-cpu
# Command line: vivado.exe -gui_launcher_event rodinguilauncherevent3468 C:\Users\bry_0\Desktop\mips32-cpu\thinpad_top.xpr
# Log file: C:/Users/bry_0/Desktop/mips32-cpu/vivado.log
# Journal file: C:/Users/bry_0/Desktop/mips32-cpu\vivado.jou
#-----------------------------------------------------------
start_gui
open_project C:/Users/bry_0/Desktop/mips32-cpu/thinpad_top.xpr
CRITICAL WARNING: [Project 1-19] Could not find the file 'C:/Users/bry_0/Desktop/mips32-cpu/thinpad_top.srcs/sources_1/new/cpu/memory.v'.
CRITICAL WARNING: [Project 1-19] Could not find the file 'C:/Users/bry_0/Desktop/mips32-cpu/thinpad_top.srcs/sources_1/new/main.data'.
CRITICAL WARNING: [Project 1-19] Could not find the file 'C:/Users/bry_0/Desktop/mips32-cpu/thinpad_top.srcs/sources_1/new/main.bin'.
Scanning sources...
Finished scanning sources
INFO: [IP_Flow 19-234] Refreshing IP repositories
INFO: [IP_Flow 19-1704] No user IP repositories specified
INFO: [IP_Flow 19-2313] Loaded Vivado IP repository 'C:/Xilinx/Vivado/2018.3/data/ip'.
open_project: Time (s): cpu = 00:00:15 ; elapsed = 00:00:08 . Memory (MB): peak = 708.988 ; gain = 111.105
update_compile_order -fileset sources_1
launch_runs synth_1 -jobs 2
INFO: [IP_Flow 19-1686] Generating 'Synthesis' target for IP 'gram'...
INFO: [IP_Flow 19-1686] Generating 'Synthesis' target for IP 'pll_example'...
INFO: [IP_Flow 19-1686] Generating 'Implementation' target for IP 'pll_example'...
[Fri Jul 19 19:26:03 2019] Launched gram_synth_1, pll_example_synth_1...
Run output will be captured here:
gram_synth_1: C:/Users/bry_0/Desktop/mips32-cpu/thinpad_top.runs/gram_synth_1/runme.log
pll_example_synth_1: C:/Users/bry_0/Desktop/mips32-cpu/thinpad_top.runs/pll_example_synth_1/runme.log
[Fri Jul 19 19:26:04 2019] Launched synth_1...
Run output will be captured here: C:/Users/bry_0/Desktop/mips32-cpu/thinpad_top.runs/synth_1/runme.log
launch_runs: Time (s): cpu = 00:00:10 ; elapsed = 00:00:07 . Memory (MB): peak = 721.793 ; gain = 11.828
reset_run synth_1
launch_runs impl_1 -jobs 2
[Fri Jul 19 19:31:32 2019] Launched synth_1...
Run output will be captured here: C:/Users/bry_0/Desktop/mips32-cpu/thinpad_top.runs/synth_1/runme.log
[Fri Jul 19 19:31:32 2019] Launched impl_1...
Run output will be captured here: C:/Users/bry_0/Desktop/mips32-cpu/thinpad_top.runs/impl_1/runme.log
reset_run synth_1
launch_runs impl_1 -jobs 2
[Fri Jul 19 19:35:57 2019] Launched synth_1...
Run output will be captured here: C:/Users/bry_0/Desktop/mips32-cpu/thinpad_top.runs/synth_1/runme.log
[Fri Jul 19 19:35:57 2019] Launched impl_1...
Run output will be captured here: C:/Users/bry_0/Desktop/mips32-cpu/thinpad_top.runs/impl_1/runme.log
reset_run synth_1
launch_runs impl_1 -jobs 2
[Fri Jul 19 19:37:10 2019] Launched synth_1...
Run output will be captured here: C:/Users/bry_0/Desktop/mips32-cpu/thinpad_top.runs/synth_1/runme.log
[Fri Jul 19 19:37:10 2019] Launched impl_1...
Run output will be captured here: C:/Users/bry_0/Desktop/mips32-cpu/thinpad_top.runs/impl_1/runme.log
launch_runs impl_1 -to_step write_bitstream -jobs 2
[Fri Jul 19 19:47:53 2019] Launched impl_1...
Run output will be captured here: C:/Users/bry_0/Desktop/mips32-cpu/thinpad_top.runs/impl_1/runme.log
open_hw
connect_hw_server
INFO: [Labtools 27-2285] Connecting to hw_server url TCP:localhost:3121
INFO: [Labtools 27-2222] Launching hw_server...
INFO: [Labtools 27-2221] Launch Output:

****** Xilinx hw_server v2018.3
  **** Build date : Dec  7 2018-00:40:27
    ** Copyright 1986-2018 Xilinx, Inc. All Rights Reserved.


open_hw_target -xvc_url 192.168.8.8:2542
INFO: [Labtools 27-2285] Connecting to hw_server url TCP:localhost:3121
INFO: [Labtoolstcl 44-466] Opening hw_target localhost:3121/xilinx_tcf/Xilinx/192.168.8.8:2542
set_property PROBES.FILE {} [get_hw_devices xc7a100t_0]
set_property FULL_PROBES.FILE {} [get_hw_devices xc7a100t_0]
set_property PROGRAM.FILE {C:/Users/bry_0/Desktop/mips32-cpu/thinpad_top.runs/impl_1/thinpad_top.bit} [get_hw_devices xc7a100t_0]
program_hw_devices [get_hw_devices xc7a100t_0]
INFO: [Labtools 27-3164] End of startup status: HIGH
program_hw_devices: Time (s): cpu = 00:00:33 ; elapsed = 00:00:32 . Memory (MB): peak = 1712.238 ; gain = 5.762
refresh_hw_device [lindex [get_hw_devices xc7a100t_0] 0]
INFO: [Labtools 27-1434] Device xc7a100t (JTAG device index = 0) is programmed with a design that has no supported debug core(s) in it.
ERROR: [Labtoolstcl 44-513] HW Target shutdown. Closing target: localhost:3121/xilinx_tcf/Xilinx/192.168.8.8:2542
exit
INFO: [Common 17-206] Exiting Vivado at Sun Jul 21 04:55:14 2019...
