Copyright 1986-2018 Xilinx, Inc. All Rights Reserved.
-----------------------------------------------------------------------------------------------------------------------------------------------------------------------
| Tool Version : Vivado v.2018.3 (win64) Build 2405991 Thu Dec  6 23:38:27 MST 2018
| Date         : Fri Jul 19 19:45:21 2019
| Host         : DESKTOP-2QEVIEC running 64-bit major release  (build 9200)
| Command      : report_methodology -file thinpad_top_methodology_drc_routed.rpt -pb thinpad_top_methodology_drc_routed.pb -rpx thinpad_top_methodology_drc_routed.rpx
| Design       : thinpad_top
| Device       : xc7a100tfgg676-2L
| Speed File   : -2L
| Design State : Fully Routed
-----------------------------------------------------------------------------------------------------------------------------------------------------------------------

Report Methodology

Table of Contents
-----------------
1. REPORT SUMMARY
2. REPORT DETAILS

1. REPORT SUMMARY
-----------------
            Netlist: netlist
          Floorplan: design_1
      Design limits: <entire design considered>
             Max violations: <unlimited>
             Violations found: 308
+-----------+----------+--------------------------------------------------------+------------+
| Rule      | Severity | Description                                            | Violations |
+-----------+----------+--------------------------------------------------------+------------+
| SYNTH-10  | Warning  | Wide multiplier                                        | 4          |
| TIMING-17 | Warning  | Non-clocked sequential cell                            | 9          |
| TIMING-20 | Warning  | Non-clocked latch                                      | 293        |
| XDCC-1    | Warning  | Scoped Clock constraint overwritten with the same name | 1          |
| XDCC-7    | Warning  | Scoped Clock constraint overwritten on the same source | 1          |
+-----------+----------+--------------------------------------------------------+------------+

2. REPORT DETAILS
-----------------
SYNTH-10#1 Warning
Wide multiplier  
Detected multiplier at openmips0/ex0/hilo_temp of size 16x18, it is decomposed from a wide multipler into 4 DSP blocks.
Related violations: <none>

SYNTH-10#2 Warning
Wide multiplier  
Detected multiplier at openmips0/ex0/hilo_temp__0 of size 16x16, it is decomposed from a wide multipler into 4 DSP blocks.
Related violations: <none>

SYNTH-10#3 Warning
Wide multiplier  
Detected multiplier at openmips0/ex0/hilo_temp__1 of size 18x18, it is decomposed from a wide multipler into 4 DSP blocks.
Related violations: <none>

SYNTH-10#4 Warning
Wide multiplier  
Detected multiplier at openmips0/ex0/hilo_temp__2 of size 18x16, it is decomposed from a wide multipler into 4 DSP blocks.
Related violations: <none>

TIMING-17#1 Warning
Non-clocked sequential cell  
The clock pin serial_read_data_reg[0]/C is not reached by a timing clock
Related violations: <none>

TIMING-17#2 Warning
Non-clocked sequential cell  
The clock pin serial_read_data_reg[1]/C is not reached by a timing clock
Related violations: <none>

TIMING-17#3 Warning
Non-clocked sequential cell  
The clock pin serial_read_data_reg[2]/C is not reached by a timing clock
Related violations: <none>

TIMING-17#4 Warning
Non-clocked sequential cell  
The clock pin serial_read_data_reg[3]/C is not reached by a timing clock
Related violations: <none>

TIMING-17#5 Warning
Non-clocked sequential cell  
The clock pin serial_read_data_reg[4]/C is not reached by a timing clock
Related violations: <none>

TIMING-17#6 Warning
Non-clocked sequential cell  
The clock pin serial_read_data_reg[5]/C is not reached by a timing clock
Related violations: <none>

TIMING-17#7 Warning
Non-clocked sequential cell  
The clock pin serial_read_data_reg[6]/C is not reached by a timing clock
Related violations: <none>

TIMING-17#8 Warning
Non-clocked sequential cell  
The clock pin serial_read_data_reg[7]/C is not reached by a timing clock
Related violations: <none>

TIMING-17#9 Warning
Non-clocked sequential cell  
The clock pin serial_read_status_reg/C is not reached by a timing clock
Related violations: <none>

TIMING-20#1 Warning
Non-clocked latch  
The latch already_read_status_reg cannot be properly analyzed as its control pin already_read_status_reg/G is not reached by a timing clock
Related violations: <none>

TIMING-20#2 Warning
Non-clocked latch  
The latch openmips0/cp0_reg0/data_o_reg[0] cannot be properly analyzed as its control pin openmips0/cp0_reg0/data_o_reg[0]/G is not reached by a timing clock
Related violations: <none>

TIMING-20#3 Warning
Non-clocked latch  
The latch openmips0/cp0_reg0/data_o_reg[10] cannot be properly analyzed as its control pin openmips0/cp0_reg0/data_o_reg[10]/G is not reached by a timing clock
Related violations: <none>

TIMING-20#4 Warning
Non-clocked latch  
The latch openmips0/cp0_reg0/data_o_reg[11] cannot be properly analyzed as its control pin openmips0/cp0_reg0/data_o_reg[11]/G is not reached by a timing clock
Related violations: <none>

TIMING-20#5 Warning
Non-clocked latch  
The latch openmips0/cp0_reg0/data_o_reg[12] cannot be properly analyzed as its control pin openmips0/cp0_reg0/data_o_reg[12]/G is not reached by a timing clock
Related violations: <none>

TIMING-20#6 Warning
Non-clocked latch  
The latch openmips0/cp0_reg0/data_o_reg[13] cannot be properly analyzed as its control pin openmips0/cp0_reg0/data_o_reg[13]/G is not reached by a timing clock
Related violations: <none>

TIMING-20#7 Warning
Non-clocked latch  
The latch openmips0/cp0_reg0/data_o_reg[14] cannot be properly analyzed as its control pin openmips0/cp0_reg0/data_o_reg[14]/G is not reached by a timing clock
Related violations: <none>

TIMING-20#8 Warning
Non-clocked latch  
The latch openmips0/cp0_reg0/data_o_reg[15] cannot be properly analyzed as its control pin openmips0/cp0_reg0/data_o_reg[15]/G is not reached by a timing clock
Related violations: <none>

TIMING-20#9 Warning
Non-clocked latch  
The latch openmips0/cp0_reg0/data_o_reg[16] cannot be properly analyzed as its control pin openmips0/cp0_reg0/data_o_reg[16]/G is not reached by a timing clock
Related violations: <none>

TIMING-20#10 Warning
Non-clocked latch  
The latch openmips0/cp0_reg0/data_o_reg[17] cannot be properly analyzed as its control pin openmips0/cp0_reg0/data_o_reg[17]/G is not reached by a timing clock
Related violations: <none>

TIMING-20#11 Warning
Non-clocked latch  
The latch openmips0/cp0_reg0/data_o_reg[18] cannot be properly analyzed as its control pin openmips0/cp0_reg0/data_o_reg[18]/G is not reached by a timing clock
Related violations: <none>

TIMING-20#12 Warning
Non-clocked latch  
The latch openmips0/cp0_reg0/data_o_reg[19] cannot be properly analyzed as its control pin openmips0/cp0_reg0/data_o_reg[19]/G is not reached by a timing clock
Related violations: <none>

TIMING-20#13 Warning
Non-clocked latch  
The latch openmips0/cp0_reg0/data_o_reg[1] cannot be properly analyzed as its control pin openmips0/cp0_reg0/data_o_reg[1]/G is not reached by a timing clock
Related violations: <none>

TIMING-20#14 Warning
Non-clocked latch  
The latch openmips0/cp0_reg0/data_o_reg[20] cannot be properly analyzed as its control pin openmips0/cp0_reg0/data_o_reg[20]/G is not reached by a timing clock
Related violations: <none>

TIMING-20#15 Warning
Non-clocked latch  
The latch openmips0/cp0_reg0/data_o_reg[21] cannot be properly analyzed as its control pin openmips0/cp0_reg0/data_o_reg[21]/G is not reached by a timing clock
Related violations: <none>

TIMING-20#16 Warning
Non-clocked latch  
The latch openmips0/cp0_reg0/data_o_reg[22] cannot be properly analyzed as its control pin openmips0/cp0_reg0/data_o_reg[22]/G is not reached by a timing clock
Related violations: <none>

TIMING-20#17 Warning
Non-clocked latch  
The latch openmips0/cp0_reg0/data_o_reg[23] cannot be properly analyzed as its control pin openmips0/cp0_reg0/data_o_reg[23]/G is not reached by a timing clock
Related violations: <none>

TIMING-20#18 Warning
Non-clocked latch  
The latch openmips0/cp0_reg0/data_o_reg[24] cannot be properly analyzed as its control pin openmips0/cp0_reg0/data_o_reg[24]/G is not reached by a timing clock
Related violations: <none>

TIMING-20#19 Warning
Non-clocked latch  
The latch openmips0/cp0_reg0/data_o_reg[25] cannot be properly analyzed as its control pin openmips0/cp0_reg0/data_o_reg[25]/G is not reached by a timing clock
Related violations: <none>

TIMING-20#20 Warning
Non-clocked latch  
The latch openmips0/cp0_reg0/data_o_reg[26] cannot be properly analyzed as its control pin openmips0/cp0_reg0/data_o_reg[26]/G is not reached by a timing clock
Related violations: <none>

TIMING-20#21 Warning
Non-clocked latch  
The latch openmips0/cp0_reg0/data_o_reg[27] cannot be properly analyzed as its control pin openmips0/cp0_reg0/data_o_reg[27]/G is not reached by a timing clock
Related violations: <none>

TIMING-20#22 Warning
Non-clocked latch  
The latch openmips0/cp0_reg0/data_o_reg[28] cannot be properly analyzed as its control pin openmips0/cp0_reg0/data_o_reg[28]/G is not reached by a timing clock
Related violations: <none>

TIMING-20#23 Warning
Non-clocked latch  
The latch openmips0/cp0_reg0/data_o_reg[29] cannot be properly analyzed as its control pin openmips0/cp0_reg0/data_o_reg[29]/G is not reached by a timing clock
Related violations: <none>

TIMING-20#24 Warning
Non-clocked latch  
The latch openmips0/cp0_reg0/data_o_reg[2] cannot be properly analyzed as its control pin openmips0/cp0_reg0/data_o_reg[2]/G is not reached by a timing clock
Related violations: <none>

TIMING-20#25 Warning
Non-clocked latch  
The latch openmips0/cp0_reg0/data_o_reg[30] cannot be properly analyzed as its control pin openmips0/cp0_reg0/data_o_reg[30]/G is not reached by a timing clock
Related violations: <none>

TIMING-20#26 Warning
Non-clocked latch  
The latch openmips0/cp0_reg0/data_o_reg[31] cannot be properly analyzed as its control pin openmips0/cp0_reg0/data_o_reg[31]/G is not reached by a timing clock
Related violations: <none>

TIMING-20#27 Warning
Non-clocked latch  
The latch openmips0/cp0_reg0/data_o_reg[3] cannot be properly analyzed as its control pin openmips0/cp0_reg0/data_o_reg[3]/G is not reached by a timing clock
Related violations: <none>

TIMING-20#28 Warning
Non-clocked latch  
The latch openmips0/cp0_reg0/data_o_reg[4] cannot be properly analyzed as its control pin openmips0/cp0_reg0/data_o_reg[4]/G is not reached by a timing clock
Related violations: <none>

TIMING-20#29 Warning
Non-clocked latch  
The latch openmips0/cp0_reg0/data_o_reg[5] cannot be properly analyzed as its control pin openmips0/cp0_reg0/data_o_reg[5]/G is not reached by a timing clock
Related violations: <none>

TIMING-20#30 Warning
Non-clocked latch  
The latch openmips0/cp0_reg0/data_o_reg[6] cannot be properly analyzed as its control pin openmips0/cp0_reg0/data_o_reg[6]/G is not reached by a timing clock
Related violations: <none>

TIMING-20#31 Warning
Non-clocked latch  
The latch openmips0/cp0_reg0/data_o_reg[7] cannot be properly analyzed as its control pin openmips0/cp0_reg0/data_o_reg[7]/G is not reached by a timing clock
Related violations: <none>

TIMING-20#32 Warning
Non-clocked latch  
The latch openmips0/cp0_reg0/data_o_reg[8] cannot be properly analyzed as its control pin openmips0/cp0_reg0/data_o_reg[8]/G is not reached by a timing clock
Related violations: <none>

TIMING-20#33 Warning
Non-clocked latch  
The latch openmips0/cp0_reg0/data_o_reg[9] cannot be properly analyzed as its control pin openmips0/cp0_reg0/data_o_reg[9]/G is not reached by a timing clock
Related violations: <none>

TIMING-20#34 Warning
Non-clocked latch  
The latch openmips0/ctrl0/new_pc_reg[0] cannot be properly analyzed as its control pin openmips0/ctrl0/new_pc_reg[0]/G is not reached by a timing clock
Related violations: <none>

TIMING-20#35 Warning
Non-clocked latch  
The latch openmips0/ctrl0/new_pc_reg[10] cannot be properly analyzed as its control pin openmips0/ctrl0/new_pc_reg[10]/G is not reached by a timing clock
Related violations: <none>

TIMING-20#36 Warning
Non-clocked latch  
The latch openmips0/ctrl0/new_pc_reg[11] cannot be properly analyzed as its control pin openmips0/ctrl0/new_pc_reg[11]/G is not reached by a timing clock
Related violations: <none>

TIMING-20#37 Warning
Non-clocked latch  
The latch openmips0/ctrl0/new_pc_reg[12] cannot be properly analyzed as its control pin openmips0/ctrl0/new_pc_reg[12]/G is not reached by a timing clock
Related violations: <none>

TIMING-20#38 Warning
Non-clocked latch  
The latch openmips0/ctrl0/new_pc_reg[13] cannot be properly analyzed as its control pin openmips0/ctrl0/new_pc_reg[13]/G is not reached by a timing clock
Related violations: <none>

TIMING-20#39 Warning
Non-clocked latch  
The latch openmips0/ctrl0/new_pc_reg[14] cannot be properly analyzed as its control pin openmips0/ctrl0/new_pc_reg[14]/G is not reached by a timing clock
Related violations: <none>

TIMING-20#40 Warning
Non-clocked latch  
The latch openmips0/ctrl0/new_pc_reg[15] cannot be properly analyzed as its control pin openmips0/ctrl0/new_pc_reg[15]/G is not reached by a timing clock
Related violations: <none>

TIMING-20#41 Warning
Non-clocked latch  
The latch openmips0/ctrl0/new_pc_reg[16] cannot be properly analyzed as its control pin openmips0/ctrl0/new_pc_reg[16]/G is not reached by a timing clock
Related violations: <none>

TIMING-20#42 Warning
Non-clocked latch  
The latch openmips0/ctrl0/new_pc_reg[17] cannot be properly analyzed as its control pin openmips0/ctrl0/new_pc_reg[17]/G is not reached by a timing clock
Related violations: <none>

TIMING-20#43 Warning
Non-clocked latch  
The latch openmips0/ctrl0/new_pc_reg[18] cannot be properly analyzed as its control pin openmips0/ctrl0/new_pc_reg[18]/G is not reached by a timing clock
Related violations: <none>

TIMING-20#44 Warning
Non-clocked latch  
The latch openmips0/ctrl0/new_pc_reg[19] cannot be properly analyzed as its control pin openmips0/ctrl0/new_pc_reg[19]/G is not reached by a timing clock
Related violations: <none>

TIMING-20#45 Warning
Non-clocked latch  
The latch openmips0/ctrl0/new_pc_reg[1] cannot be properly analyzed as its control pin openmips0/ctrl0/new_pc_reg[1]/G is not reached by a timing clock
Related violations: <none>

TIMING-20#46 Warning
Non-clocked latch  
The latch openmips0/ctrl0/new_pc_reg[20] cannot be properly analyzed as its control pin openmips0/ctrl0/new_pc_reg[20]/G is not reached by a timing clock
Related violations: <none>

TIMING-20#47 Warning
Non-clocked latch  
The latch openmips0/ctrl0/new_pc_reg[21] cannot be properly analyzed as its control pin openmips0/ctrl0/new_pc_reg[21]/G is not reached by a timing clock
Related violations: <none>

TIMING-20#48 Warning
Non-clocked latch  
The latch openmips0/ctrl0/new_pc_reg[22] cannot be properly analyzed as its control pin openmips0/ctrl0/new_pc_reg[22]/G is not reached by a timing clock
Related violations: <none>

TIMING-20#49 Warning
Non-clocked latch  
The latch openmips0/ctrl0/new_pc_reg[23] cannot be properly analyzed as its control pin openmips0/ctrl0/new_pc_reg[23]/G is not reached by a timing clock
Related violations: <none>

TIMING-20#50 Warning
Non-clocked latch  
The latch openmips0/ctrl0/new_pc_reg[24] cannot be properly analyzed as its control pin openmips0/ctrl0/new_pc_reg[24]/G is not reached by a timing clock
Related violations: <none>

TIMING-20#51 Warning
Non-clocked latch  
The latch openmips0/ctrl0/new_pc_reg[25] cannot be properly analyzed as its control pin openmips0/ctrl0/new_pc_reg[25]/G is not reached by a timing clock
Related violations: <none>

TIMING-20#52 Warning
Non-clocked latch  
The latch openmips0/ctrl0/new_pc_reg[26] cannot be properly analyzed as its control pin openmips0/ctrl0/new_pc_reg[26]/G is not reached by a timing clock
Related violations: <none>

TIMING-20#53 Warning
Non-clocked latch  
The latch openmips0/ctrl0/new_pc_reg[27] cannot be properly analyzed as its control pin openmips0/ctrl0/new_pc_reg[27]/G is not reached by a timing clock
Related violations: <none>

TIMING-20#54 Warning
Non-clocked latch  
The latch openmips0/ctrl0/new_pc_reg[28] cannot be properly analyzed as its control pin openmips0/ctrl0/new_pc_reg[28]/G is not reached by a timing clock
Related violations: <none>

TIMING-20#55 Warning
Non-clocked latch  
The latch openmips0/ctrl0/new_pc_reg[29] cannot be properly analyzed as its control pin openmips0/ctrl0/new_pc_reg[29]/G is not reached by a timing clock
Related violations: <none>

TIMING-20#56 Warning
Non-clocked latch  
The latch openmips0/ctrl0/new_pc_reg[2] cannot be properly analyzed as its control pin openmips0/ctrl0/new_pc_reg[2]/G is not reached by a timing clock
Related violations: <none>

TIMING-20#57 Warning
Non-clocked latch  
The latch openmips0/ctrl0/new_pc_reg[30] cannot be properly analyzed as its control pin openmips0/ctrl0/new_pc_reg[30]/G is not reached by a timing clock
Related violations: <none>

TIMING-20#58 Warning
Non-clocked latch  
The latch openmips0/ctrl0/new_pc_reg[31] cannot be properly analyzed as its control pin openmips0/ctrl0/new_pc_reg[31]/G is not reached by a timing clock
Related violations: <none>

TIMING-20#59 Warning
Non-clocked latch  
The latch openmips0/ctrl0/new_pc_reg[3] cannot be properly analyzed as its control pin openmips0/ctrl0/new_pc_reg[3]/G is not reached by a timing clock
Related violations: <none>

TIMING-20#60 Warning
Non-clocked latch  
The latch openmips0/ctrl0/new_pc_reg[4] cannot be properly analyzed as its control pin openmips0/ctrl0/new_pc_reg[4]/G is not reached by a timing clock
Related violations: <none>

TIMING-20#61 Warning
Non-clocked latch  
The latch openmips0/ctrl0/new_pc_reg[5] cannot be properly analyzed as its control pin openmips0/ctrl0/new_pc_reg[5]/G is not reached by a timing clock
Related violations: <none>

TIMING-20#62 Warning
Non-clocked latch  
The latch openmips0/ctrl0/new_pc_reg[6] cannot be properly analyzed as its control pin openmips0/ctrl0/new_pc_reg[6]/G is not reached by a timing clock
Related violations: <none>

TIMING-20#63 Warning
Non-clocked latch  
The latch openmips0/ctrl0/new_pc_reg[7] cannot be properly analyzed as its control pin openmips0/ctrl0/new_pc_reg[7]/G is not reached by a timing clock
Related violations: <none>

TIMING-20#64 Warning
Non-clocked latch  
The latch openmips0/ctrl0/new_pc_reg[8] cannot be properly analyzed as its control pin openmips0/ctrl0/new_pc_reg[8]/G is not reached by a timing clock
Related violations: <none>

TIMING-20#65 Warning
Non-clocked latch  
The latch openmips0/ctrl0/new_pc_reg[9] cannot be properly analyzed as its control pin openmips0/ctrl0/new_pc_reg[9]/G is not reached by a timing clock
Related violations: <none>

TIMING-20#66 Warning
Non-clocked latch  
The latch openmips0/ex0/cnt_o_reg[1] cannot be properly analyzed as its control pin openmips0/ex0/cnt_o_reg[1]/G is not reached by a timing clock
Related violations: <none>

TIMING-20#67 Warning
Non-clocked latch  
The latch openmips0/ex0/hilo_temp1_reg[0] cannot be properly analyzed as its control pin openmips0/ex0/hilo_temp1_reg[0]/G is not reached by a timing clock
Related violations: <none>

TIMING-20#68 Warning
Non-clocked latch  
The latch openmips0/ex0/hilo_temp1_reg[10] cannot be properly analyzed as its control pin openmips0/ex0/hilo_temp1_reg[10]/G is not reached by a timing clock
Related violations: <none>

TIMING-20#69 Warning
Non-clocked latch  
The latch openmips0/ex0/hilo_temp1_reg[11] cannot be properly analyzed as its control pin openmips0/ex0/hilo_temp1_reg[11]/G is not reached by a timing clock
Related violations: <none>

TIMING-20#70 Warning
Non-clocked latch  
The latch openmips0/ex0/hilo_temp1_reg[12] cannot be properly analyzed as its control pin openmips0/ex0/hilo_temp1_reg[12]/G is not reached by a timing clock
Related violations: <none>

TIMING-20#71 Warning
Non-clocked latch  
The latch openmips0/ex0/hilo_temp1_reg[13] cannot be properly analyzed as its control pin openmips0/ex0/hilo_temp1_reg[13]/G is not reached by a timing clock
Related violations: <none>

TIMING-20#72 Warning
Non-clocked latch  
The latch openmips0/ex0/hilo_temp1_reg[14] cannot be properly analyzed as its control pin openmips0/ex0/hilo_temp1_reg[14]/G is not reached by a timing clock
Related violations: <none>

TIMING-20#73 Warning
Non-clocked latch  
The latch openmips0/ex0/hilo_temp1_reg[15] cannot be properly analyzed as its control pin openmips0/ex0/hilo_temp1_reg[15]/G is not reached by a timing clock
Related violations: <none>

TIMING-20#74 Warning
Non-clocked latch  
The latch openmips0/ex0/hilo_temp1_reg[16] cannot be properly analyzed as its control pin openmips0/ex0/hilo_temp1_reg[16]/G is not reached by a timing clock
Related violations: <none>

TIMING-20#75 Warning
Non-clocked latch  
The latch openmips0/ex0/hilo_temp1_reg[17] cannot be properly analyzed as its control pin openmips0/ex0/hilo_temp1_reg[17]/G is not reached by a timing clock
Related violations: <none>

TIMING-20#76 Warning
Non-clocked latch  
The latch openmips0/ex0/hilo_temp1_reg[18] cannot be properly analyzed as its control pin openmips0/ex0/hilo_temp1_reg[18]/G is not reached by a timing clock
Related violations: <none>

TIMING-20#77 Warning
Non-clocked latch  
The latch openmips0/ex0/hilo_temp1_reg[19] cannot be properly analyzed as its control pin openmips0/ex0/hilo_temp1_reg[19]/G is not reached by a timing clock
Related violations: <none>

TIMING-20#78 Warning
Non-clocked latch  
The latch openmips0/ex0/hilo_temp1_reg[1] cannot be properly analyzed as its control pin openmips0/ex0/hilo_temp1_reg[1]/G is not reached by a timing clock
Related violations: <none>

TIMING-20#79 Warning
Non-clocked latch  
The latch openmips0/ex0/hilo_temp1_reg[20] cannot be properly analyzed as its control pin openmips0/ex0/hilo_temp1_reg[20]/G is not reached by a timing clock
Related violations: <none>

TIMING-20#80 Warning
Non-clocked latch  
The latch openmips0/ex0/hilo_temp1_reg[21] cannot be properly analyzed as its control pin openmips0/ex0/hilo_temp1_reg[21]/G is not reached by a timing clock
Related violations: <none>

TIMING-20#81 Warning
Non-clocked latch  
The latch openmips0/ex0/hilo_temp1_reg[22] cannot be properly analyzed as its control pin openmips0/ex0/hilo_temp1_reg[22]/G is not reached by a timing clock
Related violations: <none>

TIMING-20#82 Warning
Non-clocked latch  
The latch openmips0/ex0/hilo_temp1_reg[23] cannot be properly analyzed as its control pin openmips0/ex0/hilo_temp1_reg[23]/G is not reached by a timing clock
Related violations: <none>

TIMING-20#83 Warning
Non-clocked latch  
The latch openmips0/ex0/hilo_temp1_reg[24] cannot be properly analyzed as its control pin openmips0/ex0/hilo_temp1_reg[24]/G is not reached by a timing clock
Related violations: <none>

TIMING-20#84 Warning
Non-clocked latch  
The latch openmips0/ex0/hilo_temp1_reg[25] cannot be properly analyzed as its control pin openmips0/ex0/hilo_temp1_reg[25]/G is not reached by a timing clock
Related violations: <none>

TIMING-20#85 Warning
Non-clocked latch  
The latch openmips0/ex0/hilo_temp1_reg[26] cannot be properly analyzed as its control pin openmips0/ex0/hilo_temp1_reg[26]/G is not reached by a timing clock
Related violations: <none>

TIMING-20#86 Warning
Non-clocked latch  
The latch openmips0/ex0/hilo_temp1_reg[27] cannot be properly analyzed as its control pin openmips0/ex0/hilo_temp1_reg[27]/G is not reached by a timing clock
Related violations: <none>

TIMING-20#87 Warning
Non-clocked latch  
The latch openmips0/ex0/hilo_temp1_reg[28] cannot be properly analyzed as its control pin openmips0/ex0/hilo_temp1_reg[28]/G is not reached by a timing clock
Related violations: <none>

TIMING-20#88 Warning
Non-clocked latch  
The latch openmips0/ex0/hilo_temp1_reg[29] cannot be properly analyzed as its control pin openmips0/ex0/hilo_temp1_reg[29]/G is not reached by a timing clock
Related violations: <none>

TIMING-20#89 Warning
Non-clocked latch  
The latch openmips0/ex0/hilo_temp1_reg[2] cannot be properly analyzed as its control pin openmips0/ex0/hilo_temp1_reg[2]/G is not reached by a timing clock
Related violations: <none>

TIMING-20#90 Warning
Non-clocked latch  
The latch openmips0/ex0/hilo_temp1_reg[30] cannot be properly analyzed as its control pin openmips0/ex0/hilo_temp1_reg[30]/G is not reached by a timing clock
Related violations: <none>

TIMING-20#91 Warning
Non-clocked latch  
The latch openmips0/ex0/hilo_temp1_reg[31] cannot be properly analyzed as its control pin openmips0/ex0/hilo_temp1_reg[31]/G is not reached by a timing clock
Related violations: <none>

TIMING-20#92 Warning
Non-clocked latch  
The latch openmips0/ex0/hilo_temp1_reg[32] cannot be properly analyzed as its control pin openmips0/ex0/hilo_temp1_reg[32]/G is not reached by a timing clock
Related violations: <none>

TIMING-20#93 Warning
Non-clocked latch  
The latch openmips0/ex0/hilo_temp1_reg[33] cannot be properly analyzed as its control pin openmips0/ex0/hilo_temp1_reg[33]/G is not reached by a timing clock
Related violations: <none>

TIMING-20#94 Warning
Non-clocked latch  
The latch openmips0/ex0/hilo_temp1_reg[34] cannot be properly analyzed as its control pin openmips0/ex0/hilo_temp1_reg[34]/G is not reached by a timing clock
Related violations: <none>

TIMING-20#95 Warning
Non-clocked latch  
The latch openmips0/ex0/hilo_temp1_reg[35] cannot be properly analyzed as its control pin openmips0/ex0/hilo_temp1_reg[35]/G is not reached by a timing clock
Related violations: <none>

TIMING-20#96 Warning
Non-clocked latch  
The latch openmips0/ex0/hilo_temp1_reg[36] cannot be properly analyzed as its control pin openmips0/ex0/hilo_temp1_reg[36]/G is not reached by a timing clock
Related violations: <none>

TIMING-20#97 Warning
Non-clocked latch  
The latch openmips0/ex0/hilo_temp1_reg[37] cannot be properly analyzed as its control pin openmips0/ex0/hilo_temp1_reg[37]/G is not reached by a timing clock
Related violations: <none>

TIMING-20#98 Warning
Non-clocked latch  
The latch openmips0/ex0/hilo_temp1_reg[38] cannot be properly analyzed as its control pin openmips0/ex0/hilo_temp1_reg[38]/G is not reached by a timing clock
Related violations: <none>

TIMING-20#99 Warning
Non-clocked latch  
The latch openmips0/ex0/hilo_temp1_reg[39] cannot be properly analyzed as its control pin openmips0/ex0/hilo_temp1_reg[39]/G is not reached by a timing clock
Related violations: <none>

TIMING-20#100 Warning
Non-clocked latch  
The latch openmips0/ex0/hilo_temp1_reg[3] cannot be properly analyzed as its control pin openmips0/ex0/hilo_temp1_reg[3]/G is not reached by a timing clock
Related violations: <none>

TIMING-20#101 Warning
Non-clocked latch  
The latch openmips0/ex0/hilo_temp1_reg[40] cannot be properly analyzed as its control pin openmips0/ex0/hilo_temp1_reg[40]/G is not reached by a timing clock
Related violations: <none>

TIMING-20#102 Warning
Non-clocked latch  
The latch openmips0/ex0/hilo_temp1_reg[41] cannot be properly analyzed as its control pin openmips0/ex0/hilo_temp1_reg[41]/G is not reached by a timing clock
Related violations: <none>

TIMING-20#103 Warning
Non-clocked latch  
The latch openmips0/ex0/hilo_temp1_reg[42] cannot be properly analyzed as its control pin openmips0/ex0/hilo_temp1_reg[42]/G is not reached by a timing clock
Related violations: <none>

TIMING-20#104 Warning
Non-clocked latch  
The latch openmips0/ex0/hilo_temp1_reg[43] cannot be properly analyzed as its control pin openmips0/ex0/hilo_temp1_reg[43]/G is not reached by a timing clock
Related violations: <none>

TIMING-20#105 Warning
Non-clocked latch  
The latch openmips0/ex0/hilo_temp1_reg[44] cannot be properly analyzed as its control pin openmips0/ex0/hilo_temp1_reg[44]/G is not reached by a timing clock
Related violations: <none>

TIMING-20#106 Warning
Non-clocked latch  
The latch openmips0/ex0/hilo_temp1_reg[45] cannot be properly analyzed as its control pin openmips0/ex0/hilo_temp1_reg[45]/G is not reached by a timing clock
Related violations: <none>

TIMING-20#107 Warning
Non-clocked latch  
The latch openmips0/ex0/hilo_temp1_reg[46] cannot be properly analyzed as its control pin openmips0/ex0/hilo_temp1_reg[46]/G is not reached by a timing clock
Related violations: <none>

TIMING-20#108 Warning
Non-clocked latch  
The latch openmips0/ex0/hilo_temp1_reg[47] cannot be properly analyzed as its control pin openmips0/ex0/hilo_temp1_reg[47]/G is not reached by a timing clock
Related violations: <none>

TIMING-20#109 Warning
Non-clocked latch  
The latch openmips0/ex0/hilo_temp1_reg[48] cannot be properly analyzed as its control pin openmips0/ex0/hilo_temp1_reg[48]/G is not reached by a timing clock
Related violations: <none>

TIMING-20#110 Warning
Non-clocked latch  
The latch openmips0/ex0/hilo_temp1_reg[49] cannot be properly analyzed as its control pin openmips0/ex0/hilo_temp1_reg[49]/G is not reached by a timing clock
Related violations: <none>

TIMING-20#111 Warning
Non-clocked latch  
The latch openmips0/ex0/hilo_temp1_reg[4] cannot be properly analyzed as its control pin openmips0/ex0/hilo_temp1_reg[4]/G is not reached by a timing clock
Related violations: <none>

TIMING-20#112 Warning
Non-clocked latch  
The latch openmips0/ex0/hilo_temp1_reg[50] cannot be properly analyzed as its control pin openmips0/ex0/hilo_temp1_reg[50]/G is not reached by a timing clock
Related violations: <none>

TIMING-20#113 Warning
Non-clocked latch  
The latch openmips0/ex0/hilo_temp1_reg[51] cannot be properly analyzed as its control pin openmips0/ex0/hilo_temp1_reg[51]/G is not reached by a timing clock
Related violations: <none>

TIMING-20#114 Warning
Non-clocked latch  
The latch openmips0/ex0/hilo_temp1_reg[52] cannot be properly analyzed as its control pin openmips0/ex0/hilo_temp1_reg[52]/G is not reached by a timing clock
Related violations: <none>

TIMING-20#115 Warning
Non-clocked latch  
The latch openmips0/ex0/hilo_temp1_reg[53] cannot be properly analyzed as its control pin openmips0/ex0/hilo_temp1_reg[53]/G is not reached by a timing clock
Related violations: <none>

TIMING-20#116 Warning
Non-clocked latch  
The latch openmips0/ex0/hilo_temp1_reg[54] cannot be properly analyzed as its control pin openmips0/ex0/hilo_temp1_reg[54]/G is not reached by a timing clock
Related violations: <none>

TIMING-20#117 Warning
Non-clocked latch  
The latch openmips0/ex0/hilo_temp1_reg[55] cannot be properly analyzed as its control pin openmips0/ex0/hilo_temp1_reg[55]/G is not reached by a timing clock
Related violations: <none>

TIMING-20#118 Warning
Non-clocked latch  
The latch openmips0/ex0/hilo_temp1_reg[56] cannot be properly analyzed as its control pin openmips0/ex0/hilo_temp1_reg[56]/G is not reached by a timing clock
Related violations: <none>

TIMING-20#119 Warning
Non-clocked latch  
The latch openmips0/ex0/hilo_temp1_reg[57] cannot be properly analyzed as its control pin openmips0/ex0/hilo_temp1_reg[57]/G is not reached by a timing clock
Related violations: <none>

TIMING-20#120 Warning
Non-clocked latch  
The latch openmips0/ex0/hilo_temp1_reg[58] cannot be properly analyzed as its control pin openmips0/ex0/hilo_temp1_reg[58]/G is not reached by a timing clock
Related violations: <none>

TIMING-20#121 Warning
Non-clocked latch  
The latch openmips0/ex0/hilo_temp1_reg[59] cannot be properly analyzed as its control pin openmips0/ex0/hilo_temp1_reg[59]/G is not reached by a timing clock
Related violations: <none>

TIMING-20#122 Warning
Non-clocked latch  
The latch openmips0/ex0/hilo_temp1_reg[5] cannot be properly analyzed as its control pin openmips0/ex0/hilo_temp1_reg[5]/G is not reached by a timing clock
Related violations: <none>

TIMING-20#123 Warning
Non-clocked latch  
The latch openmips0/ex0/hilo_temp1_reg[60] cannot be properly analyzed as its control pin openmips0/ex0/hilo_temp1_reg[60]/G is not reached by a timing clock
Related violations: <none>

TIMING-20#124 Warning
Non-clocked latch  
The latch openmips0/ex0/hilo_temp1_reg[61] cannot be properly analyzed as its control pin openmips0/ex0/hilo_temp1_reg[61]/G is not reached by a timing clock
Related violations: <none>

TIMING-20#125 Warning
Non-clocked latch  
The latch openmips0/ex0/hilo_temp1_reg[62] cannot be properly analyzed as its control pin openmips0/ex0/hilo_temp1_reg[62]/G is not reached by a timing clock
Related violations: <none>

TIMING-20#126 Warning
Non-clocked latch  
The latch openmips0/ex0/hilo_temp1_reg[63] cannot be properly analyzed as its control pin openmips0/ex0/hilo_temp1_reg[63]/G is not reached by a timing clock
Related violations: <none>

TIMING-20#127 Warning
Non-clocked latch  
The latch openmips0/ex0/hilo_temp1_reg[6] cannot be properly analyzed as its control pin openmips0/ex0/hilo_temp1_reg[6]/G is not reached by a timing clock
Related violations: <none>

TIMING-20#128 Warning
Non-clocked latch  
The latch openmips0/ex0/hilo_temp1_reg[7] cannot be properly analyzed as its control pin openmips0/ex0/hilo_temp1_reg[7]/G is not reached by a timing clock
Related violations: <none>

TIMING-20#129 Warning
Non-clocked latch  
The latch openmips0/ex0/hilo_temp1_reg[8] cannot be properly analyzed as its control pin openmips0/ex0/hilo_temp1_reg[8]/G is not reached by a timing clock
Related violations: <none>

TIMING-20#130 Warning
Non-clocked latch  
The latch openmips0/ex0/hilo_temp1_reg[9] cannot be properly analyzed as its control pin openmips0/ex0/hilo_temp1_reg[9]/G is not reached by a timing clock
Related violations: <none>

TIMING-20#131 Warning
Non-clocked latch  
The latch openmips0/ex0/hilo_temp_o_reg[0] cannot be properly analyzed as its control pin openmips0/ex0/hilo_temp_o_reg[0]/G is not reached by a timing clock
Related violations: <none>

TIMING-20#132 Warning
Non-clocked latch  
The latch openmips0/ex0/hilo_temp_o_reg[10] cannot be properly analyzed as its control pin openmips0/ex0/hilo_temp_o_reg[10]/G is not reached by a timing clock
Related violations: <none>

TIMING-20#133 Warning
Non-clocked latch  
The latch openmips0/ex0/hilo_temp_o_reg[11] cannot be properly analyzed as its control pin openmips0/ex0/hilo_temp_o_reg[11]/G is not reached by a timing clock
Related violations: <none>

TIMING-20#134 Warning
Non-clocked latch  
The latch openmips0/ex0/hilo_temp_o_reg[12] cannot be properly analyzed as its control pin openmips0/ex0/hilo_temp_o_reg[12]/G is not reached by a timing clock
Related violations: <none>

TIMING-20#135 Warning
Non-clocked latch  
The latch openmips0/ex0/hilo_temp_o_reg[13] cannot be properly analyzed as its control pin openmips0/ex0/hilo_temp_o_reg[13]/G is not reached by a timing clock
Related violations: <none>

TIMING-20#136 Warning
Non-clocked latch  
The latch openmips0/ex0/hilo_temp_o_reg[14] cannot be properly analyzed as its control pin openmips0/ex0/hilo_temp_o_reg[14]/G is not reached by a timing clock
Related violations: <none>

TIMING-20#137 Warning
Non-clocked latch  
The latch openmips0/ex0/hilo_temp_o_reg[15] cannot be properly analyzed as its control pin openmips0/ex0/hilo_temp_o_reg[15]/G is not reached by a timing clock
Related violations: <none>

TIMING-20#138 Warning
Non-clocked latch  
The latch openmips0/ex0/hilo_temp_o_reg[16] cannot be properly analyzed as its control pin openmips0/ex0/hilo_temp_o_reg[16]/G is not reached by a timing clock
Related violations: <none>

TIMING-20#139 Warning
Non-clocked latch  
The latch openmips0/ex0/hilo_temp_o_reg[17] cannot be properly analyzed as its control pin openmips0/ex0/hilo_temp_o_reg[17]/G is not reached by a timing clock
Related violations: <none>

TIMING-20#140 Warning
Non-clocked latch  
The latch openmips0/ex0/hilo_temp_o_reg[18] cannot be properly analyzed as its control pin openmips0/ex0/hilo_temp_o_reg[18]/G is not reached by a timing clock
Related violations: <none>

TIMING-20#141 Warning
Non-clocked latch  
The latch openmips0/ex0/hilo_temp_o_reg[19] cannot be properly analyzed as its control pin openmips0/ex0/hilo_temp_o_reg[19]/G is not reached by a timing clock
Related violations: <none>

TIMING-20#142 Warning
Non-clocked latch  
The latch openmips0/ex0/hilo_temp_o_reg[1] cannot be properly analyzed as its control pin openmips0/ex0/hilo_temp_o_reg[1]/G is not reached by a timing clock
Related violations: <none>

TIMING-20#143 Warning
Non-clocked latch  
The latch openmips0/ex0/hilo_temp_o_reg[20] cannot be properly analyzed as its control pin openmips0/ex0/hilo_temp_o_reg[20]/G is not reached by a timing clock
Related violations: <none>

TIMING-20#144 Warning
Non-clocked latch  
The latch openmips0/ex0/hilo_temp_o_reg[21] cannot be properly analyzed as its control pin openmips0/ex0/hilo_temp_o_reg[21]/G is not reached by a timing clock
Related violations: <none>

TIMING-20#145 Warning
Non-clocked latch  
The latch openmips0/ex0/hilo_temp_o_reg[22] cannot be properly analyzed as its control pin openmips0/ex0/hilo_temp_o_reg[22]/G is not reached by a timing clock
Related violations: <none>

TIMING-20#146 Warning
Non-clocked latch  
The latch openmips0/ex0/hilo_temp_o_reg[23] cannot be properly analyzed as its control pin openmips0/ex0/hilo_temp_o_reg[23]/G is not reached by a timing clock
Related violations: <none>

TIMING-20#147 Warning
Non-clocked latch  
The latch openmips0/ex0/hilo_temp_o_reg[24] cannot be properly analyzed as its control pin openmips0/ex0/hilo_temp_o_reg[24]/G is not reached by a timing clock
Related violations: <none>

TIMING-20#148 Warning
Non-clocked latch  
The latch openmips0/ex0/hilo_temp_o_reg[25] cannot be properly analyzed as its control pin openmips0/ex0/hilo_temp_o_reg[25]/G is not reached by a timing clock
Related violations: <none>

TIMING-20#149 Warning
Non-clocked latch  
The latch openmips0/ex0/hilo_temp_o_reg[26] cannot be properly analyzed as its control pin openmips0/ex0/hilo_temp_o_reg[26]/G is not reached by a timing clock
Related violations: <none>

TIMING-20#150 Warning
Non-clocked latch  
The latch openmips0/ex0/hilo_temp_o_reg[27] cannot be properly analyzed as its control pin openmips0/ex0/hilo_temp_o_reg[27]/G is not reached by a timing clock
Related violations: <none>

TIMING-20#151 Warning
Non-clocked latch  
The latch openmips0/ex0/hilo_temp_o_reg[28] cannot be properly analyzed as its control pin openmips0/ex0/hilo_temp_o_reg[28]/G is not reached by a timing clock
Related violations: <none>

TIMING-20#152 Warning
Non-clocked latch  
The latch openmips0/ex0/hilo_temp_o_reg[29] cannot be properly analyzed as its control pin openmips0/ex0/hilo_temp_o_reg[29]/G is not reached by a timing clock
Related violations: <none>

TIMING-20#153 Warning
Non-clocked latch  
The latch openmips0/ex0/hilo_temp_o_reg[2] cannot be properly analyzed as its control pin openmips0/ex0/hilo_temp_o_reg[2]/G is not reached by a timing clock
Related violations: <none>

TIMING-20#154 Warning
Non-clocked latch  
The latch openmips0/ex0/hilo_temp_o_reg[30] cannot be properly analyzed as its control pin openmips0/ex0/hilo_temp_o_reg[30]/G is not reached by a timing clock
Related violations: <none>

TIMING-20#155 Warning
Non-clocked latch  
The latch openmips0/ex0/hilo_temp_o_reg[31] cannot be properly analyzed as its control pin openmips0/ex0/hilo_temp_o_reg[31]/G is not reached by a timing clock
Related violations: <none>

TIMING-20#156 Warning
Non-clocked latch  
The latch openmips0/ex0/hilo_temp_o_reg[32] cannot be properly analyzed as its control pin openmips0/ex0/hilo_temp_o_reg[32]/G is not reached by a timing clock
Related violations: <none>

TIMING-20#157 Warning
Non-clocked latch  
The latch openmips0/ex0/hilo_temp_o_reg[33] cannot be properly analyzed as its control pin openmips0/ex0/hilo_temp_o_reg[33]/G is not reached by a timing clock
Related violations: <none>

TIMING-20#158 Warning
Non-clocked latch  
The latch openmips0/ex0/hilo_temp_o_reg[34] cannot be properly analyzed as its control pin openmips0/ex0/hilo_temp_o_reg[34]/G is not reached by a timing clock
Related violations: <none>

TIMING-20#159 Warning
Non-clocked latch  
The latch openmips0/ex0/hilo_temp_o_reg[35] cannot be properly analyzed as its control pin openmips0/ex0/hilo_temp_o_reg[35]/G is not reached by a timing clock
Related violations: <none>

TIMING-20#160 Warning
Non-clocked latch  
The latch openmips0/ex0/hilo_temp_o_reg[36] cannot be properly analyzed as its control pin openmips0/ex0/hilo_temp_o_reg[36]/G is not reached by a timing clock
Related violations: <none>

TIMING-20#161 Warning
Non-clocked latch  
The latch openmips0/ex0/hilo_temp_o_reg[37] cannot be properly analyzed as its control pin openmips0/ex0/hilo_temp_o_reg[37]/G is not reached by a timing clock
Related violations: <none>

TIMING-20#162 Warning
Non-clocked latch  
The latch openmips0/ex0/hilo_temp_o_reg[38] cannot be properly analyzed as its control pin openmips0/ex0/hilo_temp_o_reg[38]/G is not reached by a timing clock
Related violations: <none>

TIMING-20#163 Warning
Non-clocked latch  
The latch openmips0/ex0/hilo_temp_o_reg[39] cannot be properly analyzed as its control pin openmips0/ex0/hilo_temp_o_reg[39]/G is not reached by a timing clock
Related violations: <none>

TIMING-20#164 Warning
Non-clocked latch  
The latch openmips0/ex0/hilo_temp_o_reg[3] cannot be properly analyzed as its control pin openmips0/ex0/hilo_temp_o_reg[3]/G is not reached by a timing clock
Related violations: <none>

TIMING-20#165 Warning
Non-clocked latch  
The latch openmips0/ex0/hilo_temp_o_reg[40] cannot be properly analyzed as its control pin openmips0/ex0/hilo_temp_o_reg[40]/G is not reached by a timing clock
Related violations: <none>

TIMING-20#166 Warning
Non-clocked latch  
The latch openmips0/ex0/hilo_temp_o_reg[41] cannot be properly analyzed as its control pin openmips0/ex0/hilo_temp_o_reg[41]/G is not reached by a timing clock
Related violations: <none>

TIMING-20#167 Warning
Non-clocked latch  
The latch openmips0/ex0/hilo_temp_o_reg[42] cannot be properly analyzed as its control pin openmips0/ex0/hilo_temp_o_reg[42]/G is not reached by a timing clock
Related violations: <none>

TIMING-20#168 Warning
Non-clocked latch  
The latch openmips0/ex0/hilo_temp_o_reg[43] cannot be properly analyzed as its control pin openmips0/ex0/hilo_temp_o_reg[43]/G is not reached by a timing clock
Related violations: <none>

TIMING-20#169 Warning
Non-clocked latch  
The latch openmips0/ex0/hilo_temp_o_reg[44] cannot be properly analyzed as its control pin openmips0/ex0/hilo_temp_o_reg[44]/G is not reached by a timing clock
Related violations: <none>

TIMING-20#170 Warning
Non-clocked latch  
The latch openmips0/ex0/hilo_temp_o_reg[45] cannot be properly analyzed as its control pin openmips0/ex0/hilo_temp_o_reg[45]/G is not reached by a timing clock
Related violations: <none>

TIMING-20#171 Warning
Non-clocked latch  
The latch openmips0/ex0/hilo_temp_o_reg[46] cannot be properly analyzed as its control pin openmips0/ex0/hilo_temp_o_reg[46]/G is not reached by a timing clock
Related violations: <none>

TIMING-20#172 Warning
Non-clocked latch  
The latch openmips0/ex0/hilo_temp_o_reg[47] cannot be properly analyzed as its control pin openmips0/ex0/hilo_temp_o_reg[47]/G is not reached by a timing clock
Related violations: <none>

TIMING-20#173 Warning
Non-clocked latch  
The latch openmips0/ex0/hilo_temp_o_reg[48] cannot be properly analyzed as its control pin openmips0/ex0/hilo_temp_o_reg[48]/G is not reached by a timing clock
Related violations: <none>

TIMING-20#174 Warning
Non-clocked latch  
The latch openmips0/ex0/hilo_temp_o_reg[49] cannot be properly analyzed as its control pin openmips0/ex0/hilo_temp_o_reg[49]/G is not reached by a timing clock
Related violations: <none>

TIMING-20#175 Warning
Non-clocked latch  
The latch openmips0/ex0/hilo_temp_o_reg[4] cannot be properly analyzed as its control pin openmips0/ex0/hilo_temp_o_reg[4]/G is not reached by a timing clock
Related violations: <none>

TIMING-20#176 Warning
Non-clocked latch  
The latch openmips0/ex0/hilo_temp_o_reg[50] cannot be properly analyzed as its control pin openmips0/ex0/hilo_temp_o_reg[50]/G is not reached by a timing clock
Related violations: <none>

TIMING-20#177 Warning
Non-clocked latch  
The latch openmips0/ex0/hilo_temp_o_reg[51] cannot be properly analyzed as its control pin openmips0/ex0/hilo_temp_o_reg[51]/G is not reached by a timing clock
Related violations: <none>

TIMING-20#178 Warning
Non-clocked latch  
The latch openmips0/ex0/hilo_temp_o_reg[52] cannot be properly analyzed as its control pin openmips0/ex0/hilo_temp_o_reg[52]/G is not reached by a timing clock
Related violations: <none>

TIMING-20#179 Warning
Non-clocked latch  
The latch openmips0/ex0/hilo_temp_o_reg[53] cannot be properly analyzed as its control pin openmips0/ex0/hilo_temp_o_reg[53]/G is not reached by a timing clock
Related violations: <none>

TIMING-20#180 Warning
Non-clocked latch  
The latch openmips0/ex0/hilo_temp_o_reg[54] cannot be properly analyzed as its control pin openmips0/ex0/hilo_temp_o_reg[54]/G is not reached by a timing clock
Related violations: <none>

TIMING-20#181 Warning
Non-clocked latch  
The latch openmips0/ex0/hilo_temp_o_reg[55] cannot be properly analyzed as its control pin openmips0/ex0/hilo_temp_o_reg[55]/G is not reached by a timing clock
Related violations: <none>

TIMING-20#182 Warning
Non-clocked latch  
The latch openmips0/ex0/hilo_temp_o_reg[56] cannot be properly analyzed as its control pin openmips0/ex0/hilo_temp_o_reg[56]/G is not reached by a timing clock
Related violations: <none>

TIMING-20#183 Warning
Non-clocked latch  
The latch openmips0/ex0/hilo_temp_o_reg[57] cannot be properly analyzed as its control pin openmips0/ex0/hilo_temp_o_reg[57]/G is not reached by a timing clock
Related violations: <none>

TIMING-20#184 Warning
Non-clocked latch  
The latch openmips0/ex0/hilo_temp_o_reg[58] cannot be properly analyzed as its control pin openmips0/ex0/hilo_temp_o_reg[58]/G is not reached by a timing clock
Related violations: <none>

TIMING-20#185 Warning
Non-clocked latch  
The latch openmips0/ex0/hilo_temp_o_reg[59] cannot be properly analyzed as its control pin openmips0/ex0/hilo_temp_o_reg[59]/G is not reached by a timing clock
Related violations: <none>

TIMING-20#186 Warning
Non-clocked latch  
The latch openmips0/ex0/hilo_temp_o_reg[5] cannot be properly analyzed as its control pin openmips0/ex0/hilo_temp_o_reg[5]/G is not reached by a timing clock
Related violations: <none>

TIMING-20#187 Warning
Non-clocked latch  
The latch openmips0/ex0/hilo_temp_o_reg[60] cannot be properly analyzed as its control pin openmips0/ex0/hilo_temp_o_reg[60]/G is not reached by a timing clock
Related violations: <none>

TIMING-20#188 Warning
Non-clocked latch  
The latch openmips0/ex0/hilo_temp_o_reg[61] cannot be properly analyzed as its control pin openmips0/ex0/hilo_temp_o_reg[61]/G is not reached by a timing clock
Related violations: <none>

TIMING-20#189 Warning
Non-clocked latch  
The latch openmips0/ex0/hilo_temp_o_reg[62] cannot be properly analyzed as its control pin openmips0/ex0/hilo_temp_o_reg[62]/G is not reached by a timing clock
Related violations: <none>

TIMING-20#190 Warning
Non-clocked latch  
The latch openmips0/ex0/hilo_temp_o_reg[63] cannot be properly analyzed as its control pin openmips0/ex0/hilo_temp_o_reg[63]/G is not reached by a timing clock
Related violations: <none>

TIMING-20#191 Warning
Non-clocked latch  
The latch openmips0/ex0/hilo_temp_o_reg[6] cannot be properly analyzed as its control pin openmips0/ex0/hilo_temp_o_reg[6]/G is not reached by a timing clock
Related violations: <none>

TIMING-20#192 Warning
Non-clocked latch  
The latch openmips0/ex0/hilo_temp_o_reg[7] cannot be properly analyzed as its control pin openmips0/ex0/hilo_temp_o_reg[7]/G is not reached by a timing clock
Related violations: <none>

TIMING-20#193 Warning
Non-clocked latch  
The latch openmips0/ex0/hilo_temp_o_reg[8] cannot be properly analyzed as its control pin openmips0/ex0/hilo_temp_o_reg[8]/G is not reached by a timing clock
Related violations: <none>

TIMING-20#194 Warning
Non-clocked latch  
The latch openmips0/ex0/hilo_temp_o_reg[9] cannot be properly analyzed as its control pin openmips0/ex0/hilo_temp_o_reg[9]/G is not reached by a timing clock
Related violations: <none>

TIMING-20#195 Warning
Non-clocked latch  
The latch openmips0/ex0/stallreq_for_madd_msub_reg cannot be properly analyzed as its control pin openmips0/ex0/stallreq_for_madd_msub_reg/G is not reached by a timing clock
Related violations: <none>

TIMING-20#196 Warning
Non-clocked latch  
The latch openmips0/id0/reg1_o_reg[0] cannot be properly analyzed as its control pin openmips0/id0/reg1_o_reg[0]/G is not reached by a timing clock
Related violations: <none>

TIMING-20#197 Warning
Non-clocked latch  
The latch openmips0/id0/reg1_o_reg[10] cannot be properly analyzed as its control pin openmips0/id0/reg1_o_reg[10]/G is not reached by a timing clock
Related violations: <none>

TIMING-20#198 Warning
Non-clocked latch  
The latch openmips0/id0/reg1_o_reg[11] cannot be properly analyzed as its control pin openmips0/id0/reg1_o_reg[11]/G is not reached by a timing clock
Related violations: <none>

TIMING-20#199 Warning
Non-clocked latch  
The latch openmips0/id0/reg1_o_reg[12] cannot be properly analyzed as its control pin openmips0/id0/reg1_o_reg[12]/G is not reached by a timing clock
Related violations: <none>

TIMING-20#200 Warning
Non-clocked latch  
The latch openmips0/id0/reg1_o_reg[13] cannot be properly analyzed as its control pin openmips0/id0/reg1_o_reg[13]/G is not reached by a timing clock
Related violations: <none>

TIMING-20#201 Warning
Non-clocked latch  
The latch openmips0/id0/reg1_o_reg[14] cannot be properly analyzed as its control pin openmips0/id0/reg1_o_reg[14]/G is not reached by a timing clock
Related violations: <none>

TIMING-20#202 Warning
Non-clocked latch  
The latch openmips0/id0/reg1_o_reg[15] cannot be properly analyzed as its control pin openmips0/id0/reg1_o_reg[15]/G is not reached by a timing clock
Related violations: <none>

TIMING-20#203 Warning
Non-clocked latch  
The latch openmips0/id0/reg1_o_reg[16] cannot be properly analyzed as its control pin openmips0/id0/reg1_o_reg[16]/G is not reached by a timing clock
Related violations: <none>

TIMING-20#204 Warning
Non-clocked latch  
The latch openmips0/id0/reg1_o_reg[17] cannot be properly analyzed as its control pin openmips0/id0/reg1_o_reg[17]/G is not reached by a timing clock
Related violations: <none>

TIMING-20#205 Warning
Non-clocked latch  
The latch openmips0/id0/reg1_o_reg[18] cannot be properly analyzed as its control pin openmips0/id0/reg1_o_reg[18]/G is not reached by a timing clock
Related violations: <none>

TIMING-20#206 Warning
Non-clocked latch  
The latch openmips0/id0/reg1_o_reg[19] cannot be properly analyzed as its control pin openmips0/id0/reg1_o_reg[19]/G is not reached by a timing clock
Related violations: <none>

TIMING-20#207 Warning
Non-clocked latch  
The latch openmips0/id0/reg1_o_reg[1] cannot be properly analyzed as its control pin openmips0/id0/reg1_o_reg[1]/G is not reached by a timing clock
Related violations: <none>

TIMING-20#208 Warning
Non-clocked latch  
The latch openmips0/id0/reg1_o_reg[20] cannot be properly analyzed as its control pin openmips0/id0/reg1_o_reg[20]/G is not reached by a timing clock
Related violations: <none>

TIMING-20#209 Warning
Non-clocked latch  
The latch openmips0/id0/reg1_o_reg[21] cannot be properly analyzed as its control pin openmips0/id0/reg1_o_reg[21]/G is not reached by a timing clock
Related violations: <none>

TIMING-20#210 Warning
Non-clocked latch  
The latch openmips0/id0/reg1_o_reg[22] cannot be properly analyzed as its control pin openmips0/id0/reg1_o_reg[22]/G is not reached by a timing clock
Related violations: <none>

TIMING-20#211 Warning
Non-clocked latch  
The latch openmips0/id0/reg1_o_reg[23] cannot be properly analyzed as its control pin openmips0/id0/reg1_o_reg[23]/G is not reached by a timing clock
Related violations: <none>

TIMING-20#212 Warning
Non-clocked latch  
The latch openmips0/id0/reg1_o_reg[24] cannot be properly analyzed as its control pin openmips0/id0/reg1_o_reg[24]/G is not reached by a timing clock
Related violations: <none>

TIMING-20#213 Warning
Non-clocked latch  
The latch openmips0/id0/reg1_o_reg[25] cannot be properly analyzed as its control pin openmips0/id0/reg1_o_reg[25]/G is not reached by a timing clock
Related violations: <none>

TIMING-20#214 Warning
Non-clocked latch  
The latch openmips0/id0/reg1_o_reg[26] cannot be properly analyzed as its control pin openmips0/id0/reg1_o_reg[26]/G is not reached by a timing clock
Related violations: <none>

TIMING-20#215 Warning
Non-clocked latch  
The latch openmips0/id0/reg1_o_reg[27] cannot be properly analyzed as its control pin openmips0/id0/reg1_o_reg[27]/G is not reached by a timing clock
Related violations: <none>

TIMING-20#216 Warning
Non-clocked latch  
The latch openmips0/id0/reg1_o_reg[28] cannot be properly analyzed as its control pin openmips0/id0/reg1_o_reg[28]/G is not reached by a timing clock
Related violations: <none>

TIMING-20#217 Warning
Non-clocked latch  
The latch openmips0/id0/reg1_o_reg[29] cannot be properly analyzed as its control pin openmips0/id0/reg1_o_reg[29]/G is not reached by a timing clock
Related violations: <none>

TIMING-20#218 Warning
Non-clocked latch  
The latch openmips0/id0/reg1_o_reg[2] cannot be properly analyzed as its control pin openmips0/id0/reg1_o_reg[2]/G is not reached by a timing clock
Related violations: <none>

TIMING-20#219 Warning
Non-clocked latch  
The latch openmips0/id0/reg1_o_reg[30] cannot be properly analyzed as its control pin openmips0/id0/reg1_o_reg[30]/G is not reached by a timing clock
Related violations: <none>

TIMING-20#220 Warning
Non-clocked latch  
The latch openmips0/id0/reg1_o_reg[31] cannot be properly analyzed as its control pin openmips0/id0/reg1_o_reg[31]/G is not reached by a timing clock
Related violations: <none>

TIMING-20#221 Warning
Non-clocked latch  
The latch openmips0/id0/reg1_o_reg[3] cannot be properly analyzed as its control pin openmips0/id0/reg1_o_reg[3]/G is not reached by a timing clock
Related violations: <none>

TIMING-20#222 Warning
Non-clocked latch  
The latch openmips0/id0/reg1_o_reg[4] cannot be properly analyzed as its control pin openmips0/id0/reg1_o_reg[4]/G is not reached by a timing clock
Related violations: <none>

TIMING-20#223 Warning
Non-clocked latch  
The latch openmips0/id0/reg1_o_reg[5] cannot be properly analyzed as its control pin openmips0/id0/reg1_o_reg[5]/G is not reached by a timing clock
Related violations: <none>

TIMING-20#224 Warning
Non-clocked latch  
The latch openmips0/id0/reg1_o_reg[6] cannot be properly analyzed as its control pin openmips0/id0/reg1_o_reg[6]/G is not reached by a timing clock
Related violations: <none>

TIMING-20#225 Warning
Non-clocked latch  
The latch openmips0/id0/reg1_o_reg[7] cannot be properly analyzed as its control pin openmips0/id0/reg1_o_reg[7]/G is not reached by a timing clock
Related violations: <none>

TIMING-20#226 Warning
Non-clocked latch  
The latch openmips0/id0/reg1_o_reg[8] cannot be properly analyzed as its control pin openmips0/id0/reg1_o_reg[8]/G is not reached by a timing clock
Related violations: <none>

TIMING-20#227 Warning
Non-clocked latch  
The latch openmips0/id0/reg1_o_reg[9] cannot be properly analyzed as its control pin openmips0/id0/reg1_o_reg[9]/G is not reached by a timing clock
Related violations: <none>

TIMING-20#228 Warning
Non-clocked latch  
The latch openmips0/id0/reg2_o_reg[0] cannot be properly analyzed as its control pin openmips0/id0/reg2_o_reg[0]/G is not reached by a timing clock
Related violations: <none>

TIMING-20#229 Warning
Non-clocked latch  
The latch openmips0/id0/reg2_o_reg[10] cannot be properly analyzed as its control pin openmips0/id0/reg2_o_reg[10]/G is not reached by a timing clock
Related violations: <none>

TIMING-20#230 Warning
Non-clocked latch  
The latch openmips0/id0/reg2_o_reg[11] cannot be properly analyzed as its control pin openmips0/id0/reg2_o_reg[11]/G is not reached by a timing clock
Related violations: <none>

TIMING-20#231 Warning
Non-clocked latch  
The latch openmips0/id0/reg2_o_reg[12] cannot be properly analyzed as its control pin openmips0/id0/reg2_o_reg[12]/G is not reached by a timing clock
Related violations: <none>

TIMING-20#232 Warning
Non-clocked latch  
The latch openmips0/id0/reg2_o_reg[13] cannot be properly analyzed as its control pin openmips0/id0/reg2_o_reg[13]/G is not reached by a timing clock
Related violations: <none>

TIMING-20#233 Warning
Non-clocked latch  
The latch openmips0/id0/reg2_o_reg[14] cannot be properly analyzed as its control pin openmips0/id0/reg2_o_reg[14]/G is not reached by a timing clock
Related violations: <none>

TIMING-20#234 Warning
Non-clocked latch  
The latch openmips0/id0/reg2_o_reg[15] cannot be properly analyzed as its control pin openmips0/id0/reg2_o_reg[15]/G is not reached by a timing clock
Related violations: <none>

TIMING-20#235 Warning
Non-clocked latch  
The latch openmips0/id0/reg2_o_reg[16] cannot be properly analyzed as its control pin openmips0/id0/reg2_o_reg[16]/G is not reached by a timing clock
Related violations: <none>

TIMING-20#236 Warning
Non-clocked latch  
The latch openmips0/id0/reg2_o_reg[17] cannot be properly analyzed as its control pin openmips0/id0/reg2_o_reg[17]/G is not reached by a timing clock
Related violations: <none>

TIMING-20#237 Warning
Non-clocked latch  
The latch openmips0/id0/reg2_o_reg[18] cannot be properly analyzed as its control pin openmips0/id0/reg2_o_reg[18]/G is not reached by a timing clock
Related violations: <none>

TIMING-20#238 Warning
Non-clocked latch  
The latch openmips0/id0/reg2_o_reg[19] cannot be properly analyzed as its control pin openmips0/id0/reg2_o_reg[19]/G is not reached by a timing clock
Related violations: <none>

TIMING-20#239 Warning
Non-clocked latch  
The latch openmips0/id0/reg2_o_reg[1] cannot be properly analyzed as its control pin openmips0/id0/reg2_o_reg[1]/G is not reached by a timing clock
Related violations: <none>

TIMING-20#240 Warning
Non-clocked latch  
The latch openmips0/id0/reg2_o_reg[20] cannot be properly analyzed as its control pin openmips0/id0/reg2_o_reg[20]/G is not reached by a timing clock
Related violations: <none>

TIMING-20#241 Warning
Non-clocked latch  
The latch openmips0/id0/reg2_o_reg[21] cannot be properly analyzed as its control pin openmips0/id0/reg2_o_reg[21]/G is not reached by a timing clock
Related violations: <none>

TIMING-20#242 Warning
Non-clocked latch  
The latch openmips0/id0/reg2_o_reg[22] cannot be properly analyzed as its control pin openmips0/id0/reg2_o_reg[22]/G is not reached by a timing clock
Related violations: <none>

TIMING-20#243 Warning
Non-clocked latch  
The latch openmips0/id0/reg2_o_reg[23] cannot be properly analyzed as its control pin openmips0/id0/reg2_o_reg[23]/G is not reached by a timing clock
Related violations: <none>

TIMING-20#244 Warning
Non-clocked latch  
The latch openmips0/id0/reg2_o_reg[24] cannot be properly analyzed as its control pin openmips0/id0/reg2_o_reg[24]/G is not reached by a timing clock
Related violations: <none>

TIMING-20#245 Warning
Non-clocked latch  
The latch openmips0/id0/reg2_o_reg[25] cannot be properly analyzed as its control pin openmips0/id0/reg2_o_reg[25]/G is not reached by a timing clock
Related violations: <none>

TIMING-20#246 Warning
Non-clocked latch  
The latch openmips0/id0/reg2_o_reg[26] cannot be properly analyzed as its control pin openmips0/id0/reg2_o_reg[26]/G is not reached by a timing clock
Related violations: <none>

TIMING-20#247 Warning
Non-clocked latch  
The latch openmips0/id0/reg2_o_reg[27] cannot be properly analyzed as its control pin openmips0/id0/reg2_o_reg[27]/G is not reached by a timing clock
Related violations: <none>

TIMING-20#248 Warning
Non-clocked latch  
The latch openmips0/id0/reg2_o_reg[28] cannot be properly analyzed as its control pin openmips0/id0/reg2_o_reg[28]/G is not reached by a timing clock
Related violations: <none>

TIMING-20#249 Warning
Non-clocked latch  
The latch openmips0/id0/reg2_o_reg[29] cannot be properly analyzed as its control pin openmips0/id0/reg2_o_reg[29]/G is not reached by a timing clock
Related violations: <none>

TIMING-20#250 Warning
Non-clocked latch  
The latch openmips0/id0/reg2_o_reg[2] cannot be properly analyzed as its control pin openmips0/id0/reg2_o_reg[2]/G is not reached by a timing clock
Related violations: <none>

TIMING-20#251 Warning
Non-clocked latch  
The latch openmips0/id0/reg2_o_reg[30] cannot be properly analyzed as its control pin openmips0/id0/reg2_o_reg[30]/G is not reached by a timing clock
Related violations: <none>

TIMING-20#252 Warning
Non-clocked latch  
The latch openmips0/id0/reg2_o_reg[31] cannot be properly analyzed as its control pin openmips0/id0/reg2_o_reg[31]/G is not reached by a timing clock
Related violations: <none>

TIMING-20#253 Warning
Non-clocked latch  
The latch openmips0/id0/reg2_o_reg[3] cannot be properly analyzed as its control pin openmips0/id0/reg2_o_reg[3]/G is not reached by a timing clock
Related violations: <none>

TIMING-20#254 Warning
Non-clocked latch  
The latch openmips0/id0/reg2_o_reg[4] cannot be properly analyzed as its control pin openmips0/id0/reg2_o_reg[4]/G is not reached by a timing clock
Related violations: <none>

TIMING-20#255 Warning
Non-clocked latch  
The latch openmips0/id0/reg2_o_reg[5] cannot be properly analyzed as its control pin openmips0/id0/reg2_o_reg[5]/G is not reached by a timing clock
Related violations: <none>

TIMING-20#256 Warning
Non-clocked latch  
The latch openmips0/id0/reg2_o_reg[6] cannot be properly analyzed as its control pin openmips0/id0/reg2_o_reg[6]/G is not reached by a timing clock
Related violations: <none>

TIMING-20#257 Warning
Non-clocked latch  
The latch openmips0/id0/reg2_o_reg[7] cannot be properly analyzed as its control pin openmips0/id0/reg2_o_reg[7]/G is not reached by a timing clock
Related violations: <none>

TIMING-20#258 Warning
Non-clocked latch  
The latch openmips0/id0/reg2_o_reg[8] cannot be properly analyzed as its control pin openmips0/id0/reg2_o_reg[8]/G is not reached by a timing clock
Related violations: <none>

TIMING-20#259 Warning
Non-clocked latch  
The latch openmips0/id0/reg2_o_reg[9] cannot be properly analyzed as its control pin openmips0/id0/reg2_o_reg[9]/G is not reached by a timing clock
Related violations: <none>

TIMING-20#260 Warning
Non-clocked latch  
The latch openmips0/mem0/cp0_cause_reg[12] cannot be properly analyzed as its control pin openmips0/mem0/cp0_cause_reg[12]/G is not reached by a timing clock
Related violations: <none>

TIMING-20#261 Warning
Non-clocked latch  
The latch openmips0/mem0/cp0_cause_reg[15] cannot be properly analyzed as its control pin openmips0/mem0/cp0_cause_reg[15]/G is not reached by a timing clock
Related violations: <none>

TIMING-20#262 Warning
Non-clocked latch  
The latch openmips0/mem0/mem_data_o_reg[0] cannot be properly analyzed as its control pin openmips0/mem0/mem_data_o_reg[0]/G is not reached by a timing clock
Related violations: <none>

TIMING-20#263 Warning
Non-clocked latch  
The latch openmips0/mem0/mem_data_o_reg[10] cannot be properly analyzed as its control pin openmips0/mem0/mem_data_o_reg[10]/G is not reached by a timing clock
Related violations: <none>

TIMING-20#264 Warning
Non-clocked latch  
The latch openmips0/mem0/mem_data_o_reg[11] cannot be properly analyzed as its control pin openmips0/mem0/mem_data_o_reg[11]/G is not reached by a timing clock
Related violations: <none>

TIMING-20#265 Warning
Non-clocked latch  
The latch openmips0/mem0/mem_data_o_reg[12] cannot be properly analyzed as its control pin openmips0/mem0/mem_data_o_reg[12]/G is not reached by a timing clock
Related violations: <none>

TIMING-20#266 Warning
Non-clocked latch  
The latch openmips0/mem0/mem_data_o_reg[13] cannot be properly analyzed as its control pin openmips0/mem0/mem_data_o_reg[13]/G is not reached by a timing clock
Related violations: <none>

TIMING-20#267 Warning
Non-clocked latch  
The latch openmips0/mem0/mem_data_o_reg[14] cannot be properly analyzed as its control pin openmips0/mem0/mem_data_o_reg[14]/G is not reached by a timing clock
Related violations: <none>

TIMING-20#268 Warning
Non-clocked latch  
The latch openmips0/mem0/mem_data_o_reg[15] cannot be properly analyzed as its control pin openmips0/mem0/mem_data_o_reg[15]/G is not reached by a timing clock
Related violations: <none>

TIMING-20#269 Warning
Non-clocked latch  
The latch openmips0/mem0/mem_data_o_reg[16] cannot be properly analyzed as its control pin openmips0/mem0/mem_data_o_reg[16]/G is not reached by a timing clock
Related violations: <none>

TIMING-20#270 Warning
Non-clocked latch  
The latch openmips0/mem0/mem_data_o_reg[17] cannot be properly analyzed as its control pin openmips0/mem0/mem_data_o_reg[17]/G is not reached by a timing clock
Related violations: <none>

TIMING-20#271 Warning
Non-clocked latch  
The latch openmips0/mem0/mem_data_o_reg[18] cannot be properly analyzed as its control pin openmips0/mem0/mem_data_o_reg[18]/G is not reached by a timing clock
Related violations: <none>

TIMING-20#272 Warning
Non-clocked latch  
The latch openmips0/mem0/mem_data_o_reg[19] cannot be properly analyzed as its control pin openmips0/mem0/mem_data_o_reg[19]/G is not reached by a timing clock
Related violations: <none>

TIMING-20#273 Warning
Non-clocked latch  
The latch openmips0/mem0/mem_data_o_reg[1] cannot be properly analyzed as its control pin openmips0/mem0/mem_data_o_reg[1]/G is not reached by a timing clock
Related violations: <none>

TIMING-20#274 Warning
Non-clocked latch  
The latch openmips0/mem0/mem_data_o_reg[20] cannot be properly analyzed as its control pin openmips0/mem0/mem_data_o_reg[20]/G is not reached by a timing clock
Related violations: <none>

TIMING-20#275 Warning
Non-clocked latch  
The latch openmips0/mem0/mem_data_o_reg[21] cannot be properly analyzed as its control pin openmips0/mem0/mem_data_o_reg[21]/G is not reached by a timing clock
Related violations: <none>

TIMING-20#276 Warning
Non-clocked latch  
The latch openmips0/mem0/mem_data_o_reg[22] cannot be properly analyzed as its control pin openmips0/mem0/mem_data_o_reg[22]/G is not reached by a timing clock
Related violations: <none>

TIMING-20#277 Warning
Non-clocked latch  
The latch openmips0/mem0/mem_data_o_reg[23] cannot be properly analyzed as its control pin openmips0/mem0/mem_data_o_reg[23]/G is not reached by a timing clock
Related violations: <none>

TIMING-20#278 Warning
Non-clocked latch  
The latch openmips0/mem0/mem_data_o_reg[24] cannot be properly analyzed as its control pin openmips0/mem0/mem_data_o_reg[24]/G is not reached by a timing clock
Related violations: <none>

TIMING-20#279 Warning
Non-clocked latch  
The latch openmips0/mem0/mem_data_o_reg[25] cannot be properly analyzed as its control pin openmips0/mem0/mem_data_o_reg[25]/G is not reached by a timing clock
Related violations: <none>

TIMING-20#280 Warning
Non-clocked latch  
The latch openmips0/mem0/mem_data_o_reg[26] cannot be properly analyzed as its control pin openmips0/mem0/mem_data_o_reg[26]/G is not reached by a timing clock
Related violations: <none>

TIMING-20#281 Warning
Non-clocked latch  
The latch openmips0/mem0/mem_data_o_reg[27] cannot be properly analyzed as its control pin openmips0/mem0/mem_data_o_reg[27]/G is not reached by a timing clock
Related violations: <none>

TIMING-20#282 Warning
Non-clocked latch  
The latch openmips0/mem0/mem_data_o_reg[28] cannot be properly analyzed as its control pin openmips0/mem0/mem_data_o_reg[28]/G is not reached by a timing clock
Related violations: <none>

TIMING-20#283 Warning
Non-clocked latch  
The latch openmips0/mem0/mem_data_o_reg[29] cannot be properly analyzed as its control pin openmips0/mem0/mem_data_o_reg[29]/G is not reached by a timing clock
Related violations: <none>

TIMING-20#284 Warning
Non-clocked latch  
The latch openmips0/mem0/mem_data_o_reg[2] cannot be properly analyzed as its control pin openmips0/mem0/mem_data_o_reg[2]/G is not reached by a timing clock
Related violations: <none>

TIMING-20#285 Warning
Non-clocked latch  
The latch openmips0/mem0/mem_data_o_reg[30] cannot be properly analyzed as its control pin openmips0/mem0/mem_data_o_reg[30]/G is not reached by a timing clock
Related violations: <none>

TIMING-20#286 Warning
Non-clocked latch  
The latch openmips0/mem0/mem_data_o_reg[31] cannot be properly analyzed as its control pin openmips0/mem0/mem_data_o_reg[31]/G is not reached by a timing clock
Related violations: <none>

TIMING-20#287 Warning
Non-clocked latch  
The latch openmips0/mem0/mem_data_o_reg[3] cannot be properly analyzed as its control pin openmips0/mem0/mem_data_o_reg[3]/G is not reached by a timing clock
Related violations: <none>

TIMING-20#288 Warning
Non-clocked latch  
The latch openmips0/mem0/mem_data_o_reg[4] cannot be properly analyzed as its control pin openmips0/mem0/mem_data_o_reg[4]/G is not reached by a timing clock
Related violations: <none>

TIMING-20#289 Warning
Non-clocked latch  
The latch openmips0/mem0/mem_data_o_reg[5] cannot be properly analyzed as its control pin openmips0/mem0/mem_data_o_reg[5]/G is not reached by a timing clock
Related violations: <none>

TIMING-20#290 Warning
Non-clocked latch  
The latch openmips0/mem0/mem_data_o_reg[6] cannot be properly analyzed as its control pin openmips0/mem0/mem_data_o_reg[6]/G is not reached by a timing clock
Related violations: <none>

TIMING-20#291 Warning
Non-clocked latch  
The latch openmips0/mem0/mem_data_o_reg[7] cannot be properly analyzed as its control pin openmips0/mem0/mem_data_o_reg[7]/G is not reached by a timing clock
Related violations: <none>

TIMING-20#292 Warning
Non-clocked latch  
The latch openmips0/mem0/mem_data_o_reg[8] cannot be properly analyzed as its control pin openmips0/mem0/mem_data_o_reg[8]/G is not reached by a timing clock
Related violations: <none>

TIMING-20#293 Warning
Non-clocked latch  
The latch openmips0/mem0/mem_data_o_reg[9] cannot be properly analyzed as its control pin openmips0/mem0/mem_data_o_reg[9]/G is not reached by a timing clock
Related violations: <none>

XDCC-1#1 Warning
Scoped Clock constraint overwritten with the same name  
A new clock constraint create_clock overrides a previous scoped clock constraint with the same name. It is not recommended to override a scoped (typically an IP) clock constraint and could result in unexpected behaviors.
New: create_clock -period 20.000 -name clk_50M -waveform {0.000 10.000} [get_ports clk_50M] (Source: C:/Users/bry_0/Desktop/mips32-cpu/thinpad_top.srcs/constrs_1/new/thinpad_top.xdc (Line: 6))
Previous: create_clock -period 20.000 [get_ports clk_50M] (Source: c:/Users/bry_0/Desktop/mips32-cpu/thinpad_top.srcs/sources_1/ip/pll_example/pll_example.xdc (Line: 56))
Related violations: <none>

XDCC-7#1 Warning
Scoped Clock constraint overwritten on the same source  
A new clock constraint create_clock overrides a previous scoped clock constraint defined on the same source. It is not recommended to override a scoped (typically an IP) clock constraint and could result in unexpected behaviors.
New: create_clock -period 20.000 -name clk_50M -waveform {0.000 10.000} [get_ports clk_50M] (Source: C:/Users/bry_0/Desktop/mips32-cpu/thinpad_top.srcs/constrs_1/new/thinpad_top.xdc (Line: 6))
Previous: create_clock -period 20.000 [get_ports clk_50M] (Source: c:/Users/bry_0/Desktop/mips32-cpu/thinpad_top.srcs/sources_1/ip/pll_example/pll_example.xdc (Line: 56))
Related violations: <none>


